<?xml version="1.0" encoding="UTF-8"?>
<testng-results ignored="0" total="1" passed="0" failed="1" skipped="0">
  <reporter-output>
  </reporter-output>
  <suite started-at="2022-04-21T00:57:47 EET" name="Default suite" finished-at="2022-04-21T00:58:00 EET" duration-ms="13687">
    <groups>
      <group name="cucumber">
        <method signature="AbstractTestNGCucumberTests.runScenario(io.cucumber.testng.PickleWrapper,io.cucumber.testng.FeatureWrapper)[pri:0, instance:cucumberOptions.RestAssuredRunner@15bb5034]" name="runScenario" class="io.cucumber.testng.AbstractTestNGCucumberTests"/>
      </group> <!-- cucumber -->
    </groups>
    <test started-at="2022-04-21T00:57:47 EET" name="Default test" finished-at="2022-04-21T00:58:00 EET" duration-ms="13687">
      <class name="cucumberOptions.RestAssuredRunner">
        <test-method is-config="true" signature="setUpClass()[pri:0, instance:cucumberOptions.RestAssuredRunner@15bb5034]" started-at="2022-04-21T00:57:47 EET" name="setUpClass" finished-at="2022-04-21T00:57:47 EET" duration-ms="397" status="PASS">
          <reporter-output>
          </reporter-output>
        </test-method> <!-- setUpClass -->
        <test-method signature="runScenario(io.cucumber.testng.PickleWrapper,io.cucumber.testng.FeatureWrapper)[pri:0, instance:cucumberOptions.RestAssuredRunner@15bb5034]" started-at="2022-04-21T00:57:47 EET" name="runScenario" description="Runs Cucumber Scenarios" data-provider="scenarios" finished-at="2022-04-21T00:58:00 EET" duration-ms="13051" status="FAIL">
          <params>
            <param index="0">
              <value>
                <![CDATA["GET numViews"]]>
              </value>
            </param>
            <param index="1">
              <value>
                <![CDATA["Optional[GET COLOR LOVERS]"]]>
              </value>
            </param>
          </params>
          <exception class="java.lang.AssertionError">
            <message>
              <![CDATA[expected:<false> but was:<true>]]>
            </message>
            <full-stacktrace>
              <![CDATA[java.lang.AssertionError: expected:<false> but was:<true>
at org.junit.Assert.fail(Assert.java:89)
at org.junit.Assert.failNotEquals(Assert.java:835)
at org.junit.Assert.assertEquals(Assert.java:120)
at org.junit.Assert.assertEquals(Assert.java:146)
at RestAssuredStepDefinition.RestAssuredStepDefinition.user_gets_total_numviews_to_be_greater_than(RestAssuredStepDefinition.java:38)
at âœ½.user gets  total numviews to be greater than 50000(file:///C:/Users/Ahmad/Documents/GitHub/AutomationVOISTask/src/test/java/features/RestAssured.feature:7)
]]>
            </full-stacktrace>
          </exception> <!-- java.lang.AssertionError -->
          <reporter-output>
          </reporter-output>
        </test-method> <!-- runScenario -->
        <test-method is-config="true" signature="tearDownClass()[pri:0, instance:cucumberOptions.RestAssuredRunner@15bb5034]" started-at="2022-04-21T00:58:00 EET" name="tearDownClass" finished-at="2022-04-21T00:58:00 EET" duration-ms="213" status="PASS">
          <reporter-output>
          </reporter-output>
        </test-method> <!-- tearDownClass -->
      </class> <!-- cucumberOptions.RestAssuredRunner -->
    </test> <!-- Default test -->
  </suite> <!-- Default suite -->
</testng-results>
