<?xml version="1.0" encoding="UTF-8"?>
<!-- Generated by org.testng.reporters.JUnitReportReporter -->
<testsuite hostname="DESKTOP-PASV2PC" failures="1" tests="1" name="cucumberOptions.RestAssuredRunner" time="13.051" errors="0" timestamp="2022-04-21T00:58:00 EET" skipped="0">
  <testcase classname="cucumberOptions.RestAssuredRunner" name="runScenario" time="13.051">
    <failure message="expected:&lt;false&gt; but was:&lt;true&gt;" type="java.lang.AssertionError">
      <![CDATA[java.lang.AssertionError: expected:<false> but was:<true>
at org.junit.Assert.fail(Assert.java:89)
at org.junit.Assert.failNotEquals(Assert.java:835)
at org.junit.Assert.assertEquals(Assert.java:120)
at org.junit.Assert.assertEquals(Assert.java:146)
at RestAssuredStepDefinition.RestAssuredStepDefinition.user_gets_total_numviews_to_be_greater_than(RestAssuredStepDefinition.java:38)
at âœ½.user gets  total numviews to be greater than 50000(file:///C:/Users/Ahmad/Documents/GitHub/AutomationVOISTask/src/test/java/features/RestAssured.feature:7)
]]>
    </failure>
  </testcase> <!-- runScenario -->
  <system-out/>
</testsuite> <!-- cucumberOptions.RestAssuredRunner -->
